/diagonise
{"name":"c2ptest","mobileno":"9000000099","age":"37","lang_model":"infermedica-en","sex":"male"}
calling: https://api.infermedica.com/covid19/diagnosis

parsed
/diagonise
{"symptoms":["p_16-absent","p_17-absent","p_18-absent","p_19-absent","p_20-absent","p_21-absent","p_22-absent"],"lang_model":"infermedica-en","name":"c2ptest","mobileno":"9000000099","sex":"male","age":"37"}
calling: https://api.infermedica.com/covid19/diagnosis
[{"id":"p_16","choice_id":"absent"},{"id":"p_17","choice_id":"absent"},{"id":"p_18","choice_id":"absent"},{"id":"p_19","choice_id":"absent"},{"id":"p_20","choice_id":"absent"},{"id":"p_21","choice_id":"absent"},{"id":"p_22","choice_id":"absent"}]
parsed
/diagonise
{"symptoms":["p_16-absent","p_17-absent","p_18-absent","p_19-absent","p_20-absent","p_21-absent","p_22-absent","s_0-absent","s_1-absent","s_2-absent"],"lang_model":"infermedica-en","name":"c2ptest","mobileno":"9000000099","sex":"male","age":"37"}
calling: https://api.infermedica.com/covid19/diagnosis
[{"id":"p_16","choice_id":"absent"},{"id":"p_17","choice_id":"absent"},{"id":"p_18","choice_id":"absent"},{"id":"p_19","choice_id":"absent"},{"id":"p_20","choice_id":"absent"},{"id":"p_21","choice_id":"absent"},{"id":"p_22","choice_id":"absent"},{"id":"s_0","choice_id":"absent"},{"id":"s_1","choice_id":"absent"},{"id":"s_2","choice_id":"absent"}]
parsed
{"symptoms":["p_16-absent","p_17-absent","p_18-absent","p_19-absent","p_20-absent","p_21-absent","p_22-absent","s_0-absent","s_1-absent","s_2-absent","s_15-present","s_16-present","s_17-absent","s_18-absent","s_19-absent","s_20-absent","s_21-present"],"lang_model":"infermedica-en","name":"c2ptest","mobileno":"9000000099","sex":"male","age":"37"}
/diagonise
calling: https://api.infermedica.com/covid19/diagnosis
[{"id":"p_16","choice_id":"absent"},{"id":"p_17","choice_id":"absent"},{"id":"p_18","choice_id":"absent"},{"id":"p_19","choice_id":"absent"},{"id":"p_20","choice_id":"absent"},{"id":"p_21","choice_id":"absent"},{"id":"p_22","choice_id":"absent"},{"id":"s_0","choice_id":"absent"},{"id":"s_1","choice_id":"absent"},{"id":"s_2","choice_id":"absent"},{"id":"s_15","choice_id":"present"},{"id":"s_16","choice_id":"present"},{"id":"s_17","choice_id":"absent"},{"id":"s_18","choice_id":"absent"},{"id":"s_19","choice_id":"absent"},{"id":"s_20","choice_id":"absent"},{"id":"s_21","choice_id":"present"}]
parsed
/diagonise
{"symptoms":["p_16-absent","p_17-absent","p_18-absent","p_19-absent","p_20-absent","p_21-absent","p_22-absent","s_0-absent","s_1-absent","s_2-absent","s_15-present","s_16-present","s_17-absent","s_18-absent","s_19-absent","s_20-absent","s_21-present","p_12-absent","p_13-absent","p_14-absent","p_11-absent","p_15-present"],"lang_model":"infermedica-en","name":"c2ptest","mobileno":"9000000099","sex":"male","age":"37"}
calling: https://api.infermedica.com/covid19/diagnosis
[{"id":"p_16","choice_id":"absent"},{"id":"p_17","choice_id":"absent"},{"id":"p_18","choice_id":"absent"},{"id":"p_19","choice_id":"absent"},{"id":"p_20","choice_id":"absent"},{"id":"p_21","choice_id":"absent"},{"id":"p_22","choice_id":"absent"},{"id":"s_0","choice_id":"absent"},{"id":"s_1","choice_id":"absent"},{"id":"s_2","choice_id":"absent"},{"id":"s_15","choice_id":"present"},{"id":"s_16","choice_id":"present"},{"id":"s_17","choice_id":"absent"},{"id":"s_18","choice_id":"absent"},{"id":"s_19","choice_id":"absent"},{"id":"s_20","choice_id":"absent"},{"id":"s_21","choice_id":"present"},{"id":"p_12","choice_id":"absent"},{"id":"p_13","choice_id":"absent"},{"id":"p_14","choice_id":"absent"},{"id":"p_11","choice_id":"absent"},{"id":"p_15","choice_id":"present"}]
parsed
