Sorry can't find that!
/
Sorry can't find that!
/.git/HEAD
Sorry can't find that!
/tasktracker.jsp
Sorry can't find that!
/
/
/master.jsp
Sorry can't find that!
Sorry can't find that!
/
Sorry can't find that!
/status.jsp
Sorry can't find that!
/
Sorry can't find that!
/
Sorry can't find that!
/rs-status
Sorry can't find that!
/browseDirectory.jsp
Sorry can't find that!
/
Sorry can't find that!
/flumemaster.jsp
Sorry can't find that!
/
Sorry can't find that!
/
Sorry can't find that!
/
Sorry can't find that!
/sdk
Sorry can't find that!
/
Sorry can't find that!
/favicon.ico
Sorry can't find that!
/admin/
Sorry can't find that!
/nmaplowercheck1586302948
/jobtracker.jsp
Sorry can't find that!
Sorry can't find that!
/random404page/
Sorry can't find that!
/HNAP1
Sorry can't find that!
/rails/info/properties
Sorry can't find that!
/dfshealth.jsp
Sorry can't find that!
/robots.txt
Sorry can't find that!
/administrator
Sorry can't find that!
/
Sorry can't find that!
URIError: Failed to decode param '/wp%-login'
    at decodeURIComponent (<anonymous>)
    at decode_param (C:\C2P\Webportal\nodejs\SymptomsChecker-COVID19\node_modules\express\lib\router\layer.js:172:12)
    at Layer.match (C:\C2P\Webportal\nodejs\SymptomsChecker-COVID19\node_modules\express\lib\router\layer.js:123:27)
    at matchLayer (C:\C2P\Webportal\nodejs\SymptomsChecker-COVID19\node_modules\express\lib\router\index.js:574:18)
    at next (C:\C2P\Webportal\nodejs\SymptomsChecker-COVID19\node_modules\express\lib\router\index.js:220:15)
    at module.exports (C:\C2P\Webportal\nodejs\SymptomsChecker-COVID19\src\i18n.js:26:10)
    at Layer.handle [as handle_request] (C:\C2P\Webportal\nodejs\SymptomsChecker-COVID19\node_modules\express\lib\router\layer.js:95:5)
    at trim_prefix (C:\C2P\Webportal\nodejs\SymptomsChecker-COVID19\node_modules\express\lib\router\index.js:317:13)
    at C:\C2P\Webportal\nodejs\SymptomsChecker-COVID19\node_modules\express\lib\router\index.js:284:7
    at Function.process_params (C:\C2P\Webportal\nodejs\SymptomsChecker-COVID19\node_modules\express\lib\router\index.js:335:12)
    at next (C:\C2P\Webportal\nodejs\SymptomsChecker-COVID19\node_modules\express\lib\router\index.js:275:10)
    at expressInit (C:\C2P\Webportal\nodejs\SymptomsChecker-COVID19\node_modules\express\lib\middleware\init.js:40:5)
    at Layer.handle [as handle_request] (C:\C2P\Webportal\nodejs\SymptomsChecker-COVID19\node_modules\express\lib\router\layer.js:95:5)
    at trim_prefix (C:\C2P\Webportal\nodejs\SymptomsChecker-COVID19\node_modules\express\lib\router\index.js:317:13)
    at C:\C2P\Webportal\nodejs\SymptomsChecker-COVID19\node_modules\express\lib\router\index.js:284:7
    at Function.process_params (C:\C2P\Webportal\nodejs\SymptomsChecker-COVID19\node_modules\express\lib\router\index.js:335:12)
    at next (C:\C2P\Webportal\nodejs\SymptomsChecker-COVID19\node_modules\express\lib\router\index.js:275:10)
    at query (C:\C2P\Webportal\nodejs\SymptomsChecker-COVID19\node_modules\express\lib\middleware\query.js:45:5)
    at Layer.handle [as handle_request] (C:\C2P\Webportal\nodejs\SymptomsChecker-COVID19\node_modules\express\lib\router\layer.js:95:5)
    at trim_prefix (C:\C2P\Webportal\nodejs\SymptomsChecker-COVID19\node_modules\express\lib\router\index.js:317:13)
    at C:\C2P\Webportal\nodejs\SymptomsChecker-COVID19\node_modules\express\lib\router\index.js:284:7
    at Function.process_params (C:\C2P\Webportal\nodejs\SymptomsChecker-COVID19\node_modules\express\lib\router\index.js:335:12)
/wp%-login
/favicon.ico
Sorry can't find that!
/favicon.ico
Sorry can't find that!
